<?xml version="1.0" encoding="utf-8"?><testsuites name="pytest tests"><testsuite name="pytest" errors="0" failures="0" skipped="0" tests="3" time="0.568" timestamp="2025-06-27T04:27:42.510345-04:00" hostname="Sanjeevas-iMac.local"><testcase classname="tests.integration.test_phase3_simple" name="test_event_bus_creation" time="0.445" /><testcase classname="tests.integration.test_phase3_simple" name="test_memory_cache_creation" time="0.002" /><testcase classname="tests.integration.test_phase3_simple" name="test_container_creation" time="0.083" /></testsuite></testsuites>
