<?xml version="1.0" encoding="utf-8"?><testsuites name="pytest tests"><testsuite name="pytest" errors="0" failures="0" skipped="0" tests="3" time="0.053" timestamp="2025-06-27T04:27:45.848191-04:00" hostname="Sanjeevas-iMac.local"><testcase classname="tests.integration.test_query_refinement_integration" name="test_backend_health" time="0.010" /><testcase classname="tests.integration.test_query_refinement_integration" name="test_query_refinement_endpoints" time="0.007" /><testcase classname="tests.integration.test_query_refinement_integration" name="test_frontend_availability" time="0.002" /></testsuite></testsuites>
