<?xml version="1.0" encoding="utf-8"?><testsuites name="pytest tests"><testsuite name="pytest" errors="0" failures="1" skipped="0" tests="8" time="44.870" timestamp="2025-06-27T04:26:52.430009-04:00" hostname="Sanjeevas-iMac.local"><testcase classname="tests.integration.test_geo_client_integration.TestGEOClientIntegration" name="test_search_real_geo_series" time="0.288" /><testcase classname="tests.integration.test_geo_client_integration.TestGEOClientIntegration" name="test_get_metadata_known_series" time="11.293" /><testcase classname="tests.integration.test_geo_client_integration.TestGEOClientIntegration" name="test_batch_metadata_retrieval" time="19.578" /><testcase classname="tests.integration.test_geo_client_integration.TestGEOClientIntegration" name="test_rate_limiting" time="0.322" /><testcase classname="tests.integration.test_geo_client_integration.TestGEOClientIntegration" name="test_caching_works" time="0.002" /><testcase classname="tests.integration.test_geo_client_integration.TestGEOClientIntegration" name="test_validate_geo_id" time="0.001" /><testcase classname="tests.integration.test_geo_client_integration.TestGEOClientIntegration" name="test_client_info" time="0.001"><failure message="AssertionError: assert 'omicsoracle@example.com' == 'sdodl001@odu.edu'&#10;  &#10;  - sdodl001@odu.edu&#10;  + omicsoracle@example.com">tests/integration/test_geo_client_integration.py:199: in test_client_info
    assert info["entrez_email"] == "sdodl001@odu.edu"
E   AssertionError: assert 'omicsoracle@example.com' == 'sdodl001@odu.edu'
E
E     - sdodl001@odu.edu
E     + omicsoracle@example.com</failure></testcase><testcase classname="tests.integration.test_geo_client_integration.TestGEOClientSlowIntegration" name="test_large_batch_processing" time="12.629" /></testsuite></testsuites>
