<?xml version="1.0" encoding="utf-8"?><testsuites name="pytest tests"><testsuite name="pytest" errors="0" failures="0" skipped="0" tests="5" time="0.176" timestamp="2025-06-27T04:28:06.334498-04:00" hostname="Sanjeevas-iMac.local"><testcase classname="tests.validation.test_architecture" name="test_configuration" time="0.135" /><testcase classname="tests.validation.test_architecture" name="test_exceptions" time="0.001" /><testcase classname="tests.validation.test_architecture" name="test_models" time="0.001" /><testcase classname="tests.validation.test_architecture" name="test_logging" time="0.001" /><testcase classname="tests.validation.test_architecture" name="test_integration" time="0.004" /></testsuite></testsuites>
