<?xml version="1.0" encoding="utf-8"?><testsuites name="pytest tests"><testsuite name="pytest" errors="0" failures="0" skipped="2" tests="11" time="3.583" timestamp="2025-06-27T00:03:04.423797-04:00" hostname="Sanjeevas-iMac.local"><testcase classname="tests.unit.test_web_interface_unit.TestWebInterfaceStructure" name="test_web_modules_import" time="3.533" /><testcase classname="tests.unit.test_web_interface_unit.TestWebInterfaceStructure" name="test_fastapi_app_creation" time="0.000" /><testcase classname="tests.unit.test_web_interface_unit.TestWebInterfaceStructure" name="test_model_validation" time="0.003" /><testcase classname="tests.unit.test_web_interface_unit.TestWebInterfaceStructure" name="test_router_registration" time="0.000" /><testcase classname="tests.unit.test_web_interface_unit.TestWebInterfaceStructure" name="test_static_files_config" time="0.000" /><testcase classname="tests.unit.test_web_interface_unit.TestWebInterfaceConfig" name="test_cors_configuration" time="0.000" /><testcase classname="tests.unit.test_web_interface_unit.TestWebInterfaceConfig" name="test_error_handling" time="0.000" /><testcase classname="tests.unit.test_web_interface_unit.TestWebInterfaceEndpoints" name="test_search_endpoint_structure" time="0.001" /><testcase classname="tests.unit.test_web_interface_unit.TestWebInterfaceEndpoints" name="test_websocket_manager" time="0.000" /><testcase classname="tests.unit.test_web_interface_unit.TestWebInterfaceLive" name="test_live_server_health" time="0.001"><skipped type="pytest.skip" message="Requires live server - run with --integration flag">/Users/sanjeevadodlapati/Downloads/Repos/OmicsOracle/tests/unit/test_web_interface_unit.py:210: Requires live server - run with --integration flag</skipped></testcase><testcase classname="tests.unit.test_web_interface_unit.TestWebInterfaceLive" name="test_live_search_api" time="0.001"><skipped type="pytest.skip" message="Requires live server - run with --integration flag">/Users/sanjeevadodlapati/Downloads/Repos/OmicsOracle/tests/unit/test_web_interface_unit.py:215: Requires live server - run with --integration flag</skipped></testcase></testsuite></testsuites>
