<?xml version="1.0" encoding="utf-8"?><testsuites name="pytest tests"><testsuite name="pytest" errors="0" failures="0" skipped="0" tests="15" time="2.074" timestamp="2025-06-27T04:21:20.878561-04:00" hostname="Sanjeevas-iMac.local"><testcase classname="tests.unit.test_pipeline.TestQueryResult" name="test_query_result_initialization" time="0.001" /><testcase classname="tests.unit.test_pipeline.TestQueryResult" name="test_query_result_duration" time="0.000" /><testcase classname="tests.unit.test_pipeline.TestQueryResult" name="test_query_result_status_properties" time="0.000" /><testcase classname="tests.unit.test_pipeline.TestQueryResult" name="test_add_step" time="0.000" /><testcase classname="tests.unit.test_pipeline.TestOmicsOracle" name="test_oracle_initialization" time="0.039" /><testcase classname="tests.unit.test_pipeline.TestOmicsOracle" name="test_generate_query_id" time="0.040" /><testcase classname="tests.unit.test_pipeline.TestOmicsOracle" name="test_process_query_success" time="0.043" /><testcase classname="tests.unit.test_pipeline.TestOmicsOracle" name="test_process_query_failure" time="0.040" /><testcase classname="tests.unit.test_pipeline.TestOmicsOracle" name="test_get_query_status" time="0.039" /><testcase classname="tests.unit.test_pipeline.TestOmicsOracle" name="test_list_active_queries" time="0.040" /><testcase classname="tests.unit.test_pipeline.TestOmicsOracle" name="test_cancel_query" time="0.041" /><testcase classname="tests.unit.test_pipeline.TestOmicsOracle" name="test_cleanup_completed_queries" time="0.039" /><testcase classname="tests.unit.test_pipeline.TestOmicsOracle" name="test_close" time="0.041" /><testcase classname="tests.unit.test_pipeline.TestEnums" name="test_query_status_enum" time="0.000" /><testcase classname="tests.unit.test_pipeline.TestEnums" name="test_result_format_enum" time="0.000" /></testsuite></testsuites>
