<?xml version="1.0" encoding="utf-8"?><testsuites name="pytest tests"><testsuite name="pytest" errors="0" failures="0" skipped="0" tests="8" time="1.668" timestamp="2025-06-27T00:04:22.499738-04:00" hostname="Sanjeevas-iMac.local"><testcase classname="tests.e2e.test_complete_search_journey.TestCompleteSearchJourney" name="test_pipeline_initialization_complete" time="0.004" /><testcase classname="tests.e2e.test_complete_search_journey.TestCompleteSearchJourney" name="test_search_pipeline_flow" time="0.058" /><testcase classname="tests.e2e.test_complete_search_journey.TestCompleteSearchJourney" name="test_error_handling_pipeline" time="0.007" /><testcase classname="tests.e2e.test_complete_search_journey.TestCompleteSearchJourney" name="test_config_validation" time="0.004" /><testcase classname="tests.e2e.test_complete_search_journey.TestCompleteSearchJourney" name="test_cache_consistency" time="0.004" /><testcase classname="tests.e2e.test_complete_search_journey.TestCompleteSearchJourney" name="test_progress_callback_setup" time="0.005" /><testcase classname="tests.e2e.test_complete_search_journey.TestCompleteSearchJourney" name="test_monitoring_integration" time="0.004" /><testcase classname="tests.e2e.test_complete_search_journey.TestCompleteSearchJourney" name="test_search_results_structure" time="0.007" /></testsuite></testsuites>