<?xml version="1.0" encoding="utf-8"?><testsuites name="pytest tests"><testsuite name="pytest" errors="0" failures="0" skipped="0" tests="7" time="0.043" timestamp="2025-06-27T00:02:43.543580-04:00" hostname="Sanjeevas-iMac.local"><testcase classname="tests.unit.test_environment.TestEnvironmentSetup" name="test_ncbi_email_environment_variable" time="0.001" /><testcase classname="tests.unit.test_environment.TestEnvironmentSetup" name="test_missing_ncbi_email_environment_variable" time="0.001" /><testcase classname="tests.unit.test_environment.TestEnvironmentSetup" name="test_openai_api_key_environment_variable" time="0.001" /><testcase classname="tests.unit.test_environment.TestEnvironmentSetup" name="test_environment_variable_validation" time="0.001" /><testcase classname="tests.unit.test_environment.TestEnvironmentSetup" name="test_environment_variable_override" time="0.001" /><testcase classname="tests.unit.test_environment.TestEnvironmentSetup" name="test_environment_variable_types" time="0.001" /><testcase classname="tests.unit.test_environment.TestEnvironmentSetup" name="test_environment_variable_defaults" time="0.001" /></testsuite></testsuites>
