<?xml version="1.0" encoding="utf-8"?><testsuites name="pytest tests"><testsuite name="pytest" errors="0" failures="1" skipped="0" tests="13" time="2.192" timestamp="2025-06-27T00:03:00.115394-04:00" hostname="Sanjeevas-iMac.local"><testcase classname="tests.unit.test_request_validation.TestRequestValidation" name="test_valid_search_request" time="0.001" /><testcase classname="tests.unit.test_request_validation.TestRequestValidation" name="test_search_request_defaults" time="0.000" /><testcase classname="tests.unit.test_request_validation.TestRequestValidation" name="test_empty_query_validation" time="0.001"><failure message="Failed: DID NOT RAISE &lt;class 'pydantic_core._pydantic_core.ValidationError'&gt;">tests/unit/test_request_validation.py:36: in test_empty_query_validation
    with pytest.raises(ValidationError):
E   Failed: DID NOT RAISE &lt;class 'pydantic_core._pydantic_core.ValidationError'&gt;</failure></testcase><testcase classname="tests.unit.test_request_validation.TestRequestValidation" name="test_query_whitespace_handling" time="0.001" /><testcase classname="tests.unit.test_request_validation.TestRequestValidation" name="test_max_results_validation" time="0.000" /><testcase classname="tests.unit.test_request_validation.TestRequestValidation" name="test_search_type_validation" time="0.000" /><testcase classname="tests.unit.test_request_validation.TestRequestValidation" name="test_request_serialization" time="0.001" /><testcase classname="tests.unit.test_request_validation.TestRequestValidation" name="test_request_json_serialization" time="0.002" /><testcase classname="tests.unit.test_request_validation.TestRequestValidation" name="test_large_max_results" time="0.000" /><testcase classname="tests.unit.test_request_validation.TestRequestValidation" name="test_special_characters_in_query" time="0.000" /><testcase classname="tests.unit.test_request_validation.TestRequestValidation" name="test_unicode_in_query" time="0.000" /><testcase classname="tests.unit.test_request_validation.TestRequestValidation" name="test_very_long_query" time="0.000" /><testcase classname="tests.unit.test_request_validation.TestRequestValidation" name="test_request_field_types" time="0.000" /></testsuite></testsuites>