<?xml version="1.0" encoding="utf-8"?><testsuites name="pytest tests"><testsuite name="pytest" errors="0" failures="9" skipped="0" tests="12" time="0.649" timestamp="2025-06-27T00:04:12.762809-04:00" hostname="Sanjeevas-iMac.local"><testcase classname="tests.integration.test_realtime_monitoring.TestRealTimeMonitoring" name="test_pipeline_monitor_initialization" time="0.001" /><testcase classname="tests.integration.test_realtime_monitoring.TestRealTimeMonitoring" name="test_pipeline_monitor_query_tracking" time="0.002"><failure message="AssertionError: assert None == '1750997053-1'&#10; +  where None = &lt;src.omics_oracle.monitoring.pipeline_monitor.PipelineMonitor object at 0x108bbffd0&gt;.current_query_id">tests/integration/test_realtime_monitoring.py:60: in test_pipeline_monitor_query_tracking
    assert monitor.current_query_id == query_id
E   AssertionError: assert None == '1750997053-1'
E    +  where None = &lt;src.omics_oracle.monitoring.pipeline_monitor.PipelineMonitor object at 0x108bbffd0&gt;.current_query_id</failure></testcase><testcase classname="tests.integration.test_realtime_monitoring.TestRealTimeMonitoring" name="test_pipeline_monitor_error_tracking" time="0.003"><failure message="assert 0 &gt; 0">tests/integration/test_realtime_monitoring.py:83: in test_pipeline_monitor_error_tracking
    assert summary['error_count'] &gt; 0
E   assert 0 &gt; 0</failure></testcase><testcase classname="tests.integration.test_realtime_monitoring.TestRealTimeMonitoring" name="test_api_monitoring_middleware_initialization" time="0.001" /><testcase classname="tests.integration.test_realtime_monitoring.TestRealTimeMonitoring" name="test_api_monitoring_stats_tracking" time="0.000" /><testcase classname="tests.integration.test_realtime_monitoring.TestRealTimeMonitoring" name="test_websocket_monitor_connection_tracking" time="0.000"><failure message="AttributeError: 'WebSocketMonitor' object has no attribute 'record_connection'">tests/integration/test_realtime_monitoring.py:116: in test_websocket_monitor_connection_tracking
    monitor.record_connection(client_id, timestamp=time.time())
    ^^^^^^^^^^^^^^^^^^^^^^^^^
E   AttributeError: 'WebSocketMonitor' object has no attribute 'record_connection'</failure></testcase><testcase classname="tests.integration.test_realtime_monitoring.TestRealTimeMonitoring" name="test_websocket_monitor_message_tracking" time="0.001"><failure message="AttributeError: 'WebSocketMonitor' object has no attribute 'record_connection'">tests/integration/test_realtime_monitoring.py:129: in test_websocket_monitor_message_tracking
    monitor.record_connection(client_id, timestamp=time.time())
    ^^^^^^^^^^^^^^^^^^^^^^^^^
E   AttributeError: 'WebSocketMonitor' object has no attribute 'record_connection'</failure></testcase><testcase classname="tests.integration.test_realtime_monitoring.TestRealTimeMonitoring" name="test_monitoring_integration_with_pipeline" time="0.001"><failure message="AttributeError: 'WebSocketMonitor' object has no attribute 'record_connection'">tests/integration/test_realtime_monitoring.py:158: in test_monitoring_integration_with_pipeline
    ws_monitor.record_connection(client_id, timestamp=time.time())
    ^^^^^^^^^^^^^^^^^^^^^^^^^^^^
E   AttributeError: 'WebSocketMonitor' object has no attribute 'record_connection'</failure></testcase><testcase classname="tests.integration.test_realtime_monitoring.TestRealTimeMonitoring" name="test_monitoring_error_scenarios" time="0.000"><failure message="AttributeError: 'PipelineMonitor' object has no attribute 'record_query_start'">tests/integration/test_realtime_monitoring.py:200: in test_monitoring_error_scenarios
    pipeline_monitor.record_query_start(query_id, "test query", timestamp=time.time())
    ^^^^^^^^^^^^^^^^^^^^^^^^^^^^^^^^^^^
E   AttributeError: 'PipelineMonitor' object has no attribute 'record_query_start'</failure></testcase><testcase classname="tests.integration.test_realtime_monitoring.TestRealTimeMonitoring" name="test_monitoring_performance_metrics" time="0.000"><failure message="AttributeError: 'PipelineMonitor' object has no attribute 'record_query_start'">tests/integration/test_realtime_monitoring.py:234: in test_monitoring_performance_metrics
    pipeline_monitor.record_query_start(query_id, f"test query {i}",
    ^^^^^^^^^^^^^^^^^^^^^^^^^^^^^^^^^^^
E   AttributeError: 'PipelineMonitor' object has no attribute 'record_query_start'</failure></testcase><testcase classname="tests.integration.test_realtime_monitoring.TestRealTimeMonitoring" name="test_monitoring_data_export" time="0.001"><failure message="AttributeError: 'PipelineMonitor' object has no attribute 'record_query_start'">tests/integration/test_realtime_monitoring.py:258: in test_monitoring_data_export
    pipeline_monitor.record_query_start("export_test", "test query", timestamp=time.time())
    ^^^^^^^^^^^^^^^^^^^^^^^^^^^^^^^^^^^
E   AttributeError: 'PipelineMonitor' object has no attribute 'record_query_start'</failure></testcase><testcase classname="tests.integration.test_realtime_monitoring.TestRealTimeMonitoring" name="test_monitoring_real_time_updates" time="0.001"><failure message="AttributeError: 'PipelineMonitor' object has no attribute 'get_current_status'">tests/integration/test_realtime_monitoring.py:279: in test_monitoring_real_time_updates
    status = monitor.get_current_status()
             ^^^^^^^^^^^^^^^^^^^^^^^^^^
E   AttributeError: 'PipelineMonitor' object has no attribute 'get_current_status'</failure></testcase></testsuite></testsuites>
