<?xml version="1.0" encoding="utf-8"?><testsuites name="pytest tests"><testsuite name="pytest" errors="0" failures="0" skipped="0" tests="10" time="1.862" timestamp="2025-06-27T00:03:14.803480-04:00" hostname="Sanjeevas-iMac.local"><testcase classname="tests.integration.test_ai_summarization.TestAISummarizationIntegration" name="test_summarizer_initialization_with_api_key" time="0.156" /><testcase classname="tests.integration.test_ai_summarization.TestAISummarizationIntegration" name="test_summarizer_initialization_without_api_key" time="0.002" /><testcase classname="tests.integration.test_ai_summarization.TestAISummarizationIntegration" name="test_openai_api_integration_success" time="0.002" /><testcase classname="tests.integration.test_ai_summarization.TestAISummarizationIntegration" name="test_openai_api_integration_failure" time="0.002" /><testcase classname="tests.integration.test_ai_summarization.TestAISummarizationIntegration" name="test_cache_disabling_behavior" time="0.002" /><testcase classname="tests.integration.test_ai_summarization.TestAISummarizationIntegration" name="test_summarization_quality_validation" time="0.001" /><testcase classname="tests.integration.test_ai_summarization.TestAISummarizationIntegration" name="test_batch_summarization" time="0.001" /><testcase classname="tests.integration.test_ai_summarization.TestAISummarizationIntegration" name="test_error_handling_malformed_data" time="0.001" /><testcase classname="tests.integration.test_ai_summarization.TestAISummarizationIntegration" name="test_summarization_with_progress_callback" time="0.001" /><testcase classname="tests.integration.test_ai_summarization" name="test_summarization_integration_in_pipeline" time="1.233" /></testsuite></testsuites>
