<?xml version="1.0" encoding="utf-8"?><testsuites name="pytest tests"><testsuite name="pytest" errors="0" failures="0" skipped="0" tests="26" time="1.325" timestamp="2025-06-27T00:02:34.087240-04:00" hostname="Sanjeevas-iMac.local"><testcase classname="tests.unit.test_biomedical_nlp.TestBiomedicalNER" name="test_initialization" time="0.001" /><testcase classname="tests.unit.test_biomedical_nlp.TestBiomedicalNER" name="test_initialization_with_specific_model" time="0.001" /><testcase classname="tests.unit.test_biomedical_nlp.TestBiomedicalNER" name="test_extract_biomedical_entities_mock" time="0.001" /><testcase classname="tests.unit.test_biomedical_nlp.TestBiomedicalNER" name="test_extract_biomedical_entities_with_linking" time="0.002" /><testcase classname="tests.unit.test_biomedical_nlp.TestBiomedicalNER" name="test_is_gene_entity" time="0.001" /><testcase classname="tests.unit.test_biomedical_nlp.TestBiomedicalNER" name="test_is_disease_entity" time="0.001" /><testcase classname="tests.unit.test_biomedical_nlp.TestBiomedicalNER" name="test_is_organism_entity" time="0.001" /><testcase classname="tests.unit.test_biomedical_nlp.TestBiomedicalNER" name="test_is_experimental_technique" time="0.001" /><testcase classname="tests.unit.test_biomedical_nlp.TestBiomedicalNER" name="test_get_model_info" time="0.001" /><testcase classname="tests.unit.test_biomedical_nlp.TestBiomedicalNER" name="test_is_available" time="0.001" /><testcase classname="tests.unit.test_biomedical_nlp.TestEnhancedBiologicalSynonymMapper" name="test_initialization" time="0.001" /><testcase classname="tests.unit.test_biomedical_nlp.TestEnhancedBiologicalSynonymMapper" name="test_gene_synonyms" time="0.000" /><testcase classname="tests.unit.test_biomedical_nlp.TestEnhancedBiologicalSynonymMapper" name="test_disease_synonyms" time="0.000" /><testcase classname="tests.unit.test_biomedical_nlp.TestEnhancedBiologicalSynonymMapper" name="test_organism_synonyms" time="0.000" /><testcase classname="tests.unit.test_biomedical_nlp.TestEnhancedBiologicalSynonymMapper" name="test_tissue_synonyms" time="0.000" /><testcase classname="tests.unit.test_biomedical_nlp.TestEnhancedBiologicalSynonymMapper" name="test_cell_type_synonyms" time="0.001" /><testcase classname="tests.unit.test_biomedical_nlp.TestEnhancedBiologicalSynonymMapper" name="test_technique_synonyms" time="0.000" /><testcase classname="tests.unit.test_biomedical_nlp.TestEnhancedBiologicalSynonymMapper" name="test_general_synonym_search" time="0.000" /><testcase classname="tests.unit.test_biomedical_nlp.TestEnhancedBiologicalSynonymMapper" name="test_normalize_term" time="0.001" /><testcase classname="tests.unit.test_biomedical_nlp.TestEnhancedBiologicalSynonymMapper" name="test_unknown_term" time="0.000" /><testcase classname="tests.unit.test_biomedical_nlp.TestEnhancedBiologicalSynonymMapper" name="test_get_entity_relationships" time="0.001" /><testcase classname="tests.unit.test_biomedical_nlp.TestEnhancedBiologicalSynonymMapper" name="test_cancer_relationships" time="0.000" /><testcase classname="tests.unit.test_biomedical_nlp.TestEnhancedBiologicalSynonymMapper" name="test_comprehensive_synonym_coverage" time="0.000" /><testcase classname="tests.unit.test_biomedical_nlp.TestEnhancedBiologicalSynonymMapper" name="test_synonym_consistency" time="0.000" /><testcase classname="tests.unit.test_biomedical_nlp.TestBiomedicalNERIntegration" name="test_ner_with_synonym_mapper_integration" time="0.001" /><testcase classname="tests.unit.test_biomedical_nlp.TestBiomedicalNERIntegration" name="test_comprehensive_text_processing" time="0.002" /></testsuite></testsuites>
