<?xml version="1.0" encoding="utf-8"?><testsuites name="pytest tests"><testsuite name="pytest" errors="0" failures="0" skipped="0" tests="19" time="2.221" timestamp="2025-06-27T00:02:47.277851-04:00" hostname="Sanjeevas-iMac.local"><testcase classname="tests.unit.test_nlp.TestPromptInterpreter" name="test_extract_geo_identifiers" time="0.002" /><testcase classname="tests.unit.test_nlp.TestPromptInterpreter" name="test_extract_geo_identifiers_case_insensitive" time="0.001" /><testcase classname="tests.unit.test_nlp.TestPromptInterpreter" name="test_classify_intent_search" time="0.002" /><testcase classname="tests.unit.test_nlp.TestPromptInterpreter" name="test_classify_intent_summarize" time="0.001" /><testcase classname="tests.unit.test_nlp.TestPromptInterpreter" name="test_classify_intent_compare" time="0.001" /><testcase classname="tests.unit.test_nlp.TestPromptInterpreter" name="test_classify_intent_unknown" time="0.001" /><testcase classname="tests.unit.test_nlp.TestPromptInterpreter" name="test_is_available_with_mock" time="0.001" /><testcase classname="tests.unit.test_nlp.TestPromptInterpreter" name="test_is_available_without_model" time="0.001" /><testcase classname="tests.unit.test_nlp.TestPromptInterpreter" name="test_extract_entities_real" time="0.624" /><testcase classname="tests.unit.test_nlp.TestBiologicalSynonymMapper" name="test_get_gene_synonyms" time="0.001" /><testcase classname="tests.unit.test_nlp.TestBiologicalSynonymMapper" name="test_get_disease_synonyms" time="0.001" /><testcase classname="tests.unit.test_nlp.TestBiologicalSynonymMapper" name="test_get_organism_synonyms" time="0.000" /><testcase classname="tests.unit.test_nlp.TestBiologicalSynonymMapper" name="test_get_synonyms_unknown_term" time="0.000" /><testcase classname="tests.unit.test_nlp.TestBiologicalSynonymMapper" name="test_normalize_gene_term" time="0.000" /><testcase classname="tests.unit.test_nlp.TestBiologicalSynonymMapper" name="test_normalize_disease_term" time="0.000" /><testcase classname="tests.unit.test_nlp.TestBiologicalSynonymMapper" name="test_normalize_organism_term" time="0.000" /><testcase classname="tests.unit.test_nlp.TestBiologicalSynonymMapper" name="test_normalize_unknown_term" time="0.000" /><testcase classname="tests.unit.test_nlp.TestNLPIntegration" name="test_end_to_end_query_parsing" time="0.001" /><testcase classname="tests.unit.test_nlp.TestNLPIntegration" name="test_synonym_expansion_workflow" time="0.000" /></testsuite></testsuites>