<?xml version="1.0" encoding="utf-8"?><testsuites name="pytest tests"><testsuite name="pytest" errors="0" failures="0" skipped="0" tests="9" time="1.985" timestamp="2025-06-27T00:02:53.422081-04:00" hostname="Sanjeevas-iMac.local"><testcase classname="tests.unit.test_pipeline_status.TestPipelineStatus" name="test_pipeline_available" time="0.004" /><testcase classname="tests.unit.test_pipeline_status.TestPipelineStatus" name="test_pipeline_unavailable" time="0.000" /><testcase classname="tests.unit.test_pipeline_status.TestPipelineStatus" name="test_pipeline_status_check_in_search" time="0.001" /><testcase classname="tests.unit.test_pipeline_status.TestPipelineStatus" name="test_pipeline_initialization_status" time="0.001" /><testcase classname="tests.unit.test_pipeline_status.TestPipelineStatus" name="test_pipeline_partial_initialization" time="0.001" /><testcase classname="tests.unit.test_pipeline_status.TestPipelineStatus" name="test_pipeline_health_check_components" time="0.001" /><testcase classname="tests.unit.test_pipeline_status.TestPipelineStatus" name="test_pipeline_status_during_operation" time="0.001" /><testcase classname="tests.unit.test_pipeline_status.TestPipelineStatus" name="test_pipeline_error_state_detection" time="0.001" /><testcase classname="tests.unit.test_pipeline_status.TestPipelineStatus" name="test_pipeline_readiness_check" time="0.002" /></testsuite></testsuites>