<?xml version="1.0" encoding="utf-8"?><testsuites name="pytest tests"><testsuite name="pytest" errors="0" failures="0" skipped="0" tests="3" time="0.050" timestamp="2025-06-27T00:04:10.173873-04:00" hostname="Sanjeevas-iMac.local"><testcase classname="tests.integration.test_query_refinement_integration" name="test_backend_health" time="0.009" /><testcase classname="tests.integration.test_query_refinement_integration" name="test_query_refinement_endpoints" time="0.006" /><testcase classname="tests.integration.test_query_refinement_integration" name="test_frontend_availability" time="0.003" /></testsuite></testsuites>