<?xml version="1.0" encoding="utf-8"?><testsuites name="pytest tests"><testsuite name="pytest" errors="0" failures="0" skipped="0" tests="6" time="2.094" timestamp="2025-06-27T00:02:36.502903-04:00" hostname="Sanjeevas-iMac.local"><testcase classname="tests.unit.test_cache_disabling.TestCacheDisabling" name="test_pipeline_cache_disabling" time="0.005" /><testcase classname="tests.unit.test_cache_disabling.TestCacheDisabling" name="test_geo_client_cache_disabling" time="0.057" /><testcase classname="tests.unit.test_cache_disabling.TestCacheDisabling" name="test_summarizer_cache_disabling" time="0.002" /><testcase classname="tests.unit.test_cache_disabling.TestCacheDisabling" name="test_summarizer_cache_enabled" time="0.002" /><testcase classname="tests.unit.test_cache_disabling.TestCacheDisabling" name="test_pipeline_geo_client_cache_cleanup" time="0.004" /><testcase classname="tests.unit.test_cache_disabling.TestCacheDisabling" name="test_cache_disabling_flag_propagation" time="0.004" /></testsuite></testsuites>