<?xml version="1.0" encoding="utf-8"?><testsuites name="pytest tests"><testsuite name="pytest" errors="0" failures="0" skipped="0" tests="3" time="20.523" timestamp="2025-06-27T04:20:09.353239-04:00" hostname="Sanjeevas-iMac.local"><testcase classname="tests.integration.test_ai_summarization.TestAISummarizationIntegration" name="test_summarizer_initialization_with_api_key" time="0.037" /><testcase classname="tests.integration.test_ai_summarization.TestAISummarizationIntegration" name="test_summarizer_initialization_without_api_key" time="0.002" /><testcase classname="tests.integration.test_ai_summarization.TestAISummarizationIntegration" name="test_openai_api_integration_success" time="10.196" /><testcase time="0.001" /></testsuite></testsuites>
