<?xml version="1.0" encoding="utf-8"?><testsuites name="pytest tests"><testsuite name="pytest" errors="0" failures="0" skipped="0" tests="8" time="38.803" timestamp="2025-06-27T00:03:25.473970-04:00" hostname="Sanjeevas-iMac.local"><testcase classname="tests.integration.test_geo_client_integration.TestGEOClientIntegration" name="test_search_real_geo_series" time="0.179" /><testcase classname="tests.integration.test_geo_client_integration.TestGEOClientIntegration" name="test_get_metadata_known_series" time="11.505" /><testcase classname="tests.integration.test_geo_client_integration.TestGEOClientIntegration" name="test_batch_metadata_retrieval" time="19.995" /><testcase classname="tests.integration.test_geo_client_integration.TestGEOClientIntegration" name="test_rate_limiting" time="1.310" /><testcase classname="tests.integration.test_geo_client_integration.TestGEOClientIntegration" name="test_caching_works" time="0.003" /><testcase classname="tests.integration.test_geo_client_integration.TestGEOClientIntegration" name="test_validate_geo_id" time="0.001" /><testcase classname="tests.integration.test_geo_client_integration.TestGEOClientIntegration" name="test_client_info" time="0.001" /><testcase classname="tests.integration.test_geo_client_integration.TestGEOClientSlowIntegration" name="test_large_batch_processing" time="5.144" /></testsuite></testsuites>
