<?xml version="1.0" encoding="utf-8"?><testsuites name="pytest tests"><testsuite name="pytest" errors="1" failures="1" skipped="0" tests="5" time="0.061" timestamp="2025-06-27T04:28:07.361043-04:00" hostname="Sanjeevas-iMac.local"><testcase classname="test_api_endpoints" name="test_health_endpoint" time="0.016" /><testcase classname="test_api_endpoints" name="test_search_endpoint" time="0.000"><error message="failed on setup with &quot;file /Users/sanjeevadodlapati/Downloads/Repos/OmicsOracle/test_api_endpoints.py, line 60&#10;  def test_search_endpoint(query, max_results=5, api_url=DEFAULT_API_URL):&#10;E       fixture 'query' not found&#10;&gt;       available fixtures: _class_event_loop, _function_event_loop, _module_event_loop, _package_event_loop, _session_event_loop, anyio_backend, anyio_backend_name, anyio_backend_options, cache, capfd, capfdbinary, caplog, capsys, capsysbinary, capteesys, cov, doctest_namespace, event_loop_policy, free_tcp_port, free_tcp_port_factory, free_udp_port, free_udp_port_factory, monkeypatch, no_cover, pytestconfig, record_property, record_testsuite_property, record_xml_attribute, recwarn, tmp_path, tmp_path_factory, tmpdir, tmpdir_factory, unused_tcp_port, unused_tcp_port_factory, unused_udp_port, unused_udp_port_factory&#10;&gt;       use 'pytest --fixtures [testpath]' for help on them.&#10;&#10;/Users/sanjeevadodlapati/Downloads/Repos/OmicsOracle/test_api_endpoints.py:60&quot;">file /Users/sanjeevadodlapati/Downloads/Repos/OmicsOracle/test_api_endpoints.py, line 60
  def test_search_endpoint(query, max_results=5, api_url=DEFAULT_API_URL):
E       fixture 'query' not found
&gt;       available fixtures: _class_event_loop, _function_event_loop, _module_event_loop, _package_event_loop, _session_event_loop, anyio_backend, anyio_backend_name, anyio_backend_options, cache, capfd, capfdbinary, caplog, capsys, capsysbinary, capteesys, cov, doctest_namespace, event_loop_policy, free_tcp_port, free_tcp_port_factory, free_udp_port, free_udp_port_factory, monkeypatch, no_cover, pytestconfig, record_property, record_testsuite_property, record_xml_attribute, recwarn, tmp_path, tmp_path_factory, tmpdir, tmpdir_factory, unused_tcp_port, unused_tcp_port_factory, unused_udp_port, unused_udp_port_factory
&gt;       use 'pytest --fixtures [testpath]' for help on them.

/Users/sanjeevadodlapati/Downloads/Repos/OmicsOracle/test_api_endpoints.py:60</error></testcase><testcase classname="test_api_endpoints" name="test_websocket" time="0.000"><failure message="Failed: async def functions are not natively supported.&#10;You need to install a suitable plugin for your async framework, for example:&#10;  - anyio&#10;  - pytest-asyncio&#10;  - pytest-tornasync&#10;  - pytest-trio&#10;  - pytest-twisted">async def functions are not natively supported.
You need to install a suitable plugin for your async framework, for example:
  - anyio
  - pytest-asyncio
  - pytest-tornasync
  - pytest-trio
  - pytest-twisted</failure></testcase><testcase classname="test_api_endpoints" name="test_frontend_serving" time="0.004" /><testcase classname="test_api_endpoints" name="test_static_files" time="0.004" /></testsuite></testsuites>
