<?xml version="1.0" encoding="utf-8"?><testsuites name="pytest tests"><testsuite name="pytest" errors="0" failures="0" skipped="0" tests="4" time="0.034" timestamp="2025-06-27T00:04:21.622281-04:00" hostname="Sanjeevas-iMac.local"><testcase classname="tests.interface.test_modern_interface" name="test_imports" time="0.001" /><testcase classname="tests.interface.test_modern_interface" name="test_configuration" time="0.001" /><testcase classname="tests.interface.test_modern_interface" name="test_models" time="0.001" /><testcase classname="tests.interface.test_modern_interface" name="test_services" time="0.001" /></testsuite></testsuites>